  [1m[36mActiveRecord::SchemaMigration Load (6.8ms)[0m  [1m[34mSELECT "schema_migrations".* FROM "schema_migrations"[0m
  [1m[36mActiveRecord::SchemaMigration Load (0.3ms)[0m  [1m[34mSELECT "schema_migrations".* FROM "schema_migrations"[0m
  [1m[35m (0.4ms)[0m  [1m[34mSELECT pg_try_advisory_lock(2881283266552597305);[0m
  [1m[36mActiveRecord::SchemaMigration Load (0.8ms)[0m  [1m[34mSELECT "schema_migrations".* FROM "schema_migrations"[0m
  [1m[36mActiveRecord::InternalMetadata Load (0.9ms)[0m  [1m[34mSELECT  "ar_internal_metadata".* FROM "ar_internal_metadata" WHERE "ar_internal_metadata"."key" = $1 LIMIT $2[0m  [["key", :environment], ["LIMIT", 1]]
  [1m[35m (0.2ms)[0m  [1m[35mBEGIN[0m
  [1m[35m (0.2ms)[0m  [1m[35mCOMMIT[0m
  [1m[35m (0.3ms)[0m  [1m[34mSELECT pg_advisory_unlock(2881283266552597305)[0m
  [1m[36mActiveRecord::SchemaMigration Load (0.3ms)[0m  [1m[34mSELECT "schema_migrations".* FROM "schema_migrations"[0m
Started GET "/" for ::1 at 2017-03-09 21:30:04 +0100
Processing by Rails::WelcomeController#index as HTML
  Parameters: {"internal"=>true}
  Rendering /Users/igor/.rvm/gems/ruby-2.3.2/gems/railties-5.0.2/lib/rails/templates/rails/welcome/index.html.erb
  Rendered /Users/igor/.rvm/gems/ruby-2.3.2/gems/railties-5.0.2/lib/rails/templates/rails/welcome/index.html.erb (8.1ms)
Completed 200 OK in 33ms (Views: 23.2ms | ActiveRecord: 0.0ms)


Started GET "/" for ::1 at 2017-03-09 21:44:16 +0100
Processing by Rails::WelcomeController#index as HTML
  Parameters: {"internal"=>true}
  Rendering /Users/igor/.rvm/gems/ruby-2.3.2/gems/railties-5.0.2/lib/rails/templates/rails/welcome/index.html.erb
  Rendered /Users/igor/.rvm/gems/ruby-2.3.2/gems/railties-5.0.2/lib/rails/templates/rails/welcome/index.html.erb (11.4ms)
Completed 200 OK in 34ms (Views: 27.8ms | ActiveRecord: 0.0ms)


Started GET "/favicon.ico" for ::1 at 2017-03-09 21:44:17 +0100
  
ActionController::RoutingError (No route matches [GET] "/favicon.ico"):
  
actionpack (5.0.2) lib/action_dispatch/middleware/debug_exceptions.rb:53:in `call'
actionpack (5.0.2) lib/action_dispatch/middleware/show_exceptions.rb:31:in `call'
railties (5.0.2) lib/rails/rack/logger.rb:36:in `call_app'
railties (5.0.2) lib/rails/rack/logger.rb:24:in `block in call'
activesupport (5.0.2) lib/active_support/tagged_logging.rb:69:in `block in tagged'
activesupport (5.0.2) lib/active_support/tagged_logging.rb:26:in `tagged'
activesupport (5.0.2) lib/active_support/tagged_logging.rb:69:in `tagged'
railties (5.0.2) lib/rails/rack/logger.rb:24:in `call'
actionpack (5.0.2) lib/action_dispatch/middleware/request_id.rb:24:in `call'
rack (2.0.1) lib/rack/runtime.rb:22:in `call'
activesupport (5.0.2) lib/active_support/cache/strategy/local_cache_middleware.rb:28:in `call'
actionpack (5.0.2) lib/action_dispatch/middleware/executor.rb:12:in `call'
actionpack (5.0.2) lib/action_dispatch/middleware/static.rb:136:in `call'
rack (2.0.1) lib/rack/sendfile.rb:111:in `call'
railties (5.0.2) lib/rails/engine.rb:522:in `call'
puma (3.7.1) lib/puma/configuration.rb:232:in `call'
puma (3.7.1) lib/puma/server.rb:578:in `handle_request'
puma (3.7.1) lib/puma/server.rb:415:in `process_client'
puma (3.7.1) lib/puma/server.rb:275:in `block in run'
puma (3.7.1) lib/puma/thread_pool.rb:120:in `block in spawn_thread'
Started GET "/" for ::1 at 2017-03-09 21:48:42 +0100
Processing by Rails::WelcomeController#index as HTML
  Parameters: {"internal"=>true}
  Rendering /Users/igor/.rvm/gems/ruby-2.3.2/gems/railties-5.0.2/lib/rails/templates/rails/welcome/index.html.erb
  Rendered /Users/igor/.rvm/gems/ruby-2.3.2/gems/railties-5.0.2/lib/rails/templates/rails/welcome/index.html.erb (3.6ms)
Completed 200 OK in 516ms (Views: 410.6ms | ActiveRecord: 0.0ms)


Started GET "/" for ::1 at 2017-03-09 21:53:13 +0100
Processing by Rails::WelcomeController#index as HTML
  Parameters: {"internal"=>true}
  Rendering /Users/igor/.rvm/gems/ruby-2.3.2/gems/railties-5.0.2/lib/rails/templates/rails/welcome/index.html.erb
  Rendered /Users/igor/.rvm/gems/ruby-2.3.2/gems/railties-5.0.2/lib/rails/templates/rails/welcome/index.html.erb (6.8ms)
Completed 200 OK in 27ms (Views: 20.3ms | ActiveRecord: 0.0ms)


Started GET "/" for ::1 at 2017-03-09 21:54:03 +0100
Processing by Rails::WelcomeController#index as HTML
  Parameters: {"internal"=>true}
  Rendering /Users/igor/.rvm/gems/ruby-2.3.2/gems/railties-5.0.2/lib/rails/templates/rails/welcome/index.html.erb
  Rendered /Users/igor/.rvm/gems/ruby-2.3.2/gems/railties-5.0.2/lib/rails/templates/rails/welcome/index.html.erb (7.2ms)
Completed 200 OK in 24ms (Views: 21.7ms | ActiveRecord: 0.0ms)


